2025-09-17 18:40:00,733 - __main__ - INFO - Scheduled to run every minute
2025-09-17 18:40:00,734 - __main__ - INFO - Next run at: 2025-09-17 10:41:00 UTC (in 59s)
2025-09-17 18:41:00,941 - __main__ - INFO - 
==================================================
2025-09-17 18:41:00,942 - __main__ - INFO - Running strategy (Run #1) - 2025-09-17 10:41:00 UTC
2025-09-17 18:41:00,942 - __main__ - INFO - Fetching 1min data for 1 symbols...
2025-09-17 18:41:00,943 - metasync_dashboard.data.data_fetcher - INFO - Fetching EUR/USD 1min data from API...
2025-09-17 18:41:01,345 - metasync_dashboard.data.data_fetcher - INFO - Saved 30 1min data points to /Users/apple/Metasync-Dashboard/src/metasync_dashboard/data/EUR_USD_1min.parquet
2025-09-17 18:41:01,345 - metasync_dashboard.data.data_fetcher - INFO - Successfully saved data for 1 symbols
2025-09-17 18:41:01,346 - __main__ - INFO - Generating trading signals...
2025-09-17 18:41:01,354 - __main__ - INFO - Strategy completed in 0.41 seconds
2025-09-17 18:41:08,723 - __main__ - INFO - 
Shutting down...
2025-09-17 18:41:08,724 - __main__ - INFO - Trading bot stopped
2025-09-17 18:45:21,622 - __main__ - INFO - Scheduled to run every minute
2025-09-17 18:45:21,622 - __main__ - INFO - Next run at: 2025-09-17 10:46:00 UTC (in 38s)
2025-09-17 18:46:00,767 - __main__ - INFO - 
==================================================
2025-09-17 18:46:00,767 - __main__ - INFO - Running strategy (Run #1) - 2025-09-17 10:46:00 UTC
2025-09-17 18:46:00,768 - __main__ - INFO - Fetching 1min data for 1 symbols...
2025-09-17 18:46:00,768 - metasync_dashboard.data.data_fetcher - INFO - Fetching EUR/USD 1min data from API...
2025-09-17 18:46:01,182 - metasync_dashboard.data.data_fetcher - INFO - Saved 30 1min data points to /Users/apple/Metasync-Dashboard/src/metasync_dashboard/data/EUR_USD_1min.parquet
2025-09-17 18:46:01,182 - metasync_dashboard.data.data_fetcher - INFO - Successfully saved data for 1 symbols
2025-09-17 18:46:01,182 - __main__ - INFO - Generating trading signals...
2025-09-17 18:46:01,189 - __main__ - INFO - Strategy completed in 0.42 seconds
2025-09-17 18:47:00,435 - __main__ - INFO - 
==================================================
2025-09-17 18:47:00,436 - __main__ - INFO - Running strategy (Run #2) - 2025-09-17 10:47:00 UTC
2025-09-17 18:47:00,437 - __main__ - INFO - Fetching 1min data for 1 symbols...
2025-09-17 18:47:00,439 - metasync_dashboard.data.data_fetcher - INFO - Fetching EUR/USD 1min data from API...
2025-09-17 18:47:00,749 - metasync_dashboard.data.data_fetcher - INFO - Saved 30 1min data points to /Users/apple/Metasync-Dashboard/src/metasync_dashboard/data/EUR_USD_1min.parquet
2025-09-17 18:47:00,749 - metasync_dashboard.data.data_fetcher - INFO - Successfully saved data for 1 symbols
2025-09-17 18:47:00,749 - __main__ - INFO - Generating trading signals...
2025-09-17 18:47:00,756 - __main__ - INFO - Strategy completed in 0.32 seconds
2025-09-17 18:48:00,217 - __main__ - INFO - 
==================================================
2025-09-17 18:48:00,218 - __main__ - INFO - Running strategy (Run #3) - 2025-09-17 10:48:00 UTC
2025-09-17 18:48:00,219 - __main__ - INFO - Fetching 1min data for 1 symbols...
2025-09-17 18:48:00,220 - metasync_dashboard.data.data_fetcher - INFO - Fetching EUR/USD 1min data from API...
2025-09-17 18:48:00,482 - __main__ - INFO - 
Shutting down...
2025-09-17 18:48:00,484 - __main__ - INFO - Trading bot stopped
